<?xml version="1.0" encoding="UTF-8"?>
<testng-results ignored="0" total="1" passed="1" failed="0" skipped="0">
  <reporter-output>
  </reporter-output>
  <suite started-at="2023-11-22T22:10:36 IST" name="Default suite" finished-at="2023-11-22T22:12:23 IST" duration-ms="106999">
    <groups>
    </groups>
    <test started-at="2023-11-22T22:10:36 IST" name="Default test" finished-at="2023-11-22T22:12:23 IST" duration-ms="106999">
      <class name="git.Git">
        <test-method signature="a()[pri:0, instance:git.Git@10163d6]" started-at="2023-11-22T22:10:36 IST" name="a" finished-at="2023-11-22T22:12:23 IST" duration-ms="106909" status="PASS">
          <reporter-output>
          </reporter-output>
        </test-method> <!-- a -->
      </class> <!-- git.Git -->
    </test> <!-- Default test -->
  </suite> <!-- Default suite -->
</testng-results>
